

Started GET "/assets/rails.png" for 127.0.0.1 at 2013-01-11 16:48:00 -0500
Connecting to database specified by database.yml
Served asset /rails.png - 200 OK (7ms)


Started GET "/rails/info/properties" for 127.0.0.1 at 2013-01-11 16:48:06 -0500
Processing by Rails::InfoController#properties as */*
  Rendered inline template (3.2ms)
Completed 200 OK in 15ms (Views: 14.5ms | ActiveRecord: 0.0ms)


Started GET "/rails/info/properties" for 127.0.0.1 at 2013-01-11 16:48:07 -0500
Processing by Rails::InfoController#properties as */*
  Rendered inline template (0.4ms)
Completed 200 OK in 1ms (Views: 0.9ms | ActiveRecord: 0.0ms)


Started GET "/rails/info/properties" for 127.0.0.1 at 2013-01-11 16:48:13 -0500
Processing by Rails::InfoController#properties as */*
  Rendered inline template (0.4ms)
Completed 200 OK in 1ms (Views: 1.0ms | ActiveRecord: 0.0ms)


Started GET "/assets/rails.png" for 127.0.0.1 at 2013-01-14 16:48:55 -0500
Connecting to database specified by database.yml
Served asset /rails.png - 200 OK (13ms)


Started GET "/rails/info/properties" for 127.0.0.1 at 2013-01-14 16:49:13 -0500
Processing by Rails::InfoController#properties as */*
  Rendered inline template (3.2ms)
Completed 200 OK in 16ms (Views: 15.8ms | ActiveRecord: 0.0ms)


Started GET "/assets/rails.png" for 127.0.0.1 at 2013-01-31 14:28:14 -0500
Connecting to database specified by database.yml
Served asset /rails.png - 200 OK (18ms)
